<?xml version="1.0" encoding="UTF-8"?>
<!-- Generated by org.testng.reporters.JUnitReportReporter -->
<testsuite hostname="IKCON1016" failures="0" tests="1" name="com.ikcon.tech.AppTest" time="0.010" errors="0" timestamp="2022-09-28T21:16:38 IST" skipped="0">
  <testcase classname="com.ikcon.tech.AppTest" name="shouldAnswerWithTrue" time="0.010"/>
  <system-out/>
</testsuite> <!-- com.ikcon.tech.AppTest -->
