<?xml version="1.0" encoding="UTF-8"?>
<!-- Generated by org.testng.reporters.JUnitReportReporter -->
<testsuite hostname="IKCON1016" failures="0" tests="1" name="com.ikcon.tech.runner.RunnerTest" time="37.246" errors="0" timestamp="2022-09-28T21:06:28 IST" skipped="0">
  <testcase classname="com.ikcon.tech.runner.RunnerTest" name="runScenario" time="37.246"/>
  <system-out/>
</testsuite> <!-- com.ikcon.tech.runner.RunnerTest -->
